2016-12-07 09:25:06  [ btpool0-53:55653592 ] - [ DEBUG ]  DispatcherServlet with name 'springMvc' processing GET request for [/lfcfront/dev/pages/post/addPost.html]
2016-12-07 09:25:06  [ btpool0-53:55653615 ] - [ DEBUG ]  Looking up handler method for path /dev/pages/post/addPost.html
2016-12-07 09:25:06  [ btpool0-53:55653617 ] - [ DEBUG ]  Did not find handler method for [/dev/pages/post/addPost.html]
2016-12-07 09:25:06  [ btpool0-53:55653617 ] - [ DEBUG ]  Matching patterns for request [/dev/pages/post/addPost.html] are [/**]
2016-12-07 09:25:06  [ btpool0-53:55653618 ] - [ DEBUG ]  URI Template variables for request [/dev/pages/post/addPost.html] are {}
2016-12-07 09:25:06  [ btpool0-53:55653620 ] - [ DEBUG ]  Mapping [/dev/pages/post/addPost.html] to HandlerExecutionChain with handler [org.springframework.web.servlet.resource.DefaultServletHttpRequestHandler@6268e918] and 1 interceptor
2016-12-07 09:25:06  [ btpool0-53:55653623 ] - [ DEBUG ]  Last-Modified value for [/lfcfront/dev/pages/post/addPost.html] is: -1
2016-12-07 09:25:06  [ btpool0-53:55653626 ] - [ DEBUG ]  Null ModelAndView returned to DispatcherServlet with name 'springMvc': assuming HandlerAdapter completed request handling
2016-12-07 09:25:06  [ btpool0-53:55653626 ] - [ DEBUG ]  Successfully completed request
2016-12-07 09:25:06  [ btpool0-53:55653698 ] - [ DEBUG ]  DispatcherServlet with name 'springMvc' processing GET request for [/lfcfront/dev/js/lib/mock.js]
2016-12-07 09:25:06  [ btpool0-53:55653698 ] - [ DEBUG ]  Looking up handler method for path /dev/js/lib/mock.js
2016-12-07 09:25:06  [ btpool0-54:55653701 ] - [ DEBUG ]  DispatcherServlet with name 'springMvc' processing GET request for [/lfcfront/dev/js/common/jquery-movebg.js]
2016-12-07 09:25:06  [ btpool0-54:55653703 ] - [ DEBUG ]  Looking up handler method for path /dev/js/common/jquery-movebg.js
2016-12-07 09:25:06  [ btpool0-54:55653705 ] - [ DEBUG ]  Did not find handler method for [/dev/js/common/jquery-movebg.js]
2016-12-07 09:25:06  [ btpool0-54:55653706 ] - [ DEBUG ]  Matching patterns for request [/dev/js/common/jquery-movebg.js] are [/**]
2016-12-07 09:25:06  [ btpool0-54:55653706 ] - [ DEBUG ]  URI Template variables for request [/dev/js/common/jquery-movebg.js] are {}
2016-12-07 09:25:06  [ btpool0-54:55653706 ] - [ DEBUG ]  Mapping [/dev/js/common/jquery-movebg.js] to HandlerExecutionChain with handler [org.springframework.web.servlet.resource.DefaultServletHttpRequestHandler@6268e918] and 1 interceptor
2016-12-07 09:25:06  [ btpool0-55:55653706 ] - [ DEBUG ]  DispatcherServlet with name 'springMvc' processing GET request for [/lfcfront/dev/css/reset.css]
2016-12-07 09:25:06  [ btpool0-55:55653707 ] - [ DEBUG ]  Looking up handler method for path /dev/css/reset.css
2016-12-07 09:25:06  [ btpool0-54:55653707 ] - [ DEBUG ]  Last-Modified value for [/lfcfront/dev/js/common/jquery-movebg.js] is: -1
2016-12-07 09:25:06  [ btpool0-55:55653709 ] - [ DEBUG ]  Did not find handler method for [/dev/css/reset.css]
2016-12-07 09:25:06  [ btpool0-55:55653709 ] - [ DEBUG ]  Matching patterns for request [/dev/css/reset.css] are [/**]
2016-12-07 09:25:06  [ btpool0-55:55653710 ] - [ DEBUG ]  URI Template variables for request [/dev/css/reset.css] are {}
2016-12-07 09:25:06  [ btpool0-55:55653710 ] - [ DEBUG ]  Mapping [/dev/css/reset.css] to HandlerExecutionChain with handler [org.springframework.web.servlet.resource.DefaultServletHttpRequestHandler@6268e918] and 1 interceptor
2016-12-07 09:25:06  [ btpool0-55:55653710 ] - [ DEBUG ]  Last-Modified value for [/lfcfront/dev/css/reset.css] is: -1
2016-12-07 09:25:06  [ btpool0-55:55653712 ] - [ DEBUG ]  Null ModelAndView returned to DispatcherServlet with name 'springMvc': assuming HandlerAdapter completed request handling
2016-12-07 09:25:06  [ btpool0-54:55653712 ] - [ DEBUG ]  Null ModelAndView returned to DispatcherServlet with name 'springMvc': assuming HandlerAdapter completed request handling
2016-12-07 09:25:06  [ btpool0-55:55653712 ] - [ DEBUG ]  Successfully completed request
2016-12-07 09:25:06  [ btpool0-54:55653713 ] - [ DEBUG ]  Successfully completed request
2016-12-07 09:25:06  [ btpool0-53:55653718 ] - [ DEBUG ]  Did not find handler method for [/dev/js/lib/mock.js]
2016-12-07 09:25:06  [ btpool0-56:55653718 ] - [ DEBUG ]  DispatcherServlet with name 'springMvc' processing GET request for [/lfcfront/dev/css/style.css]
2016-12-07 09:25:06  [ btpool0-56:55653729 ] - [ DEBUG ]  Looking up handler method for path /dev/css/style.css
2016-12-07 09:25:06  [ btpool0-56:55653729 ] - [ DEBUG ]  Did not find handler method for [/dev/css/style.css]
2016-12-07 09:25:06  [ btpool0-56:55653730 ] - [ DEBUG ]  Matching patterns for request [/dev/css/style.css] are [/**]
2016-12-07 09:25:06  [ btpool0-56:55653731 ] - [ DEBUG ]  URI Template variables for request [/dev/css/style.css] are {}
2016-12-07 09:25:06  [ btpool0-56:55653731 ] - [ DEBUG ]  Mapping [/dev/css/style.css] to HandlerExecutionChain with handler [org.springframework.web.servlet.resource.DefaultServletHttpRequestHandler@6268e918] and 1 interceptor
2016-12-07 09:25:06  [ btpool0-56:55653731 ] - [ DEBUG ]  Last-Modified value for [/lfcfront/dev/css/style.css] is: -1
2016-12-07 09:25:06  [ btpool0-55:55653734 ] - [ DEBUG ]  DispatcherServlet with name 'springMvc' processing GET request for [/lfcfront/dev/js/post/addPost.js]
2016-12-07 09:25:06  [ btpool0-55:55653735 ] - [ DEBUG ]  Looking up handler method for path /dev/js/post/addPost.js
2016-12-07 09:25:06  [ btpool0-54:55653734 ] - [ DEBUG ]  DispatcherServlet with name 'springMvc' processing GET request for [/lfcfront/dev/js/common/global.js]
2016-12-07 09:25:06  [ btpool0-55:55653735 ] - [ DEBUG ]  Did not find handler method for [/dev/js/post/addPost.js]
2016-12-07 09:25:06  [ btpool0-56:55653735 ] - [ DEBUG ]  Null ModelAndView returned to DispatcherServlet with name 'springMvc': assuming HandlerAdapter completed request handling
2016-12-07 09:25:06  [ btpool0-56:55653736 ] - [ DEBUG ]  Successfully completed request
2016-12-07 09:25:06  [ btpool0-55:55653736 ] - [ DEBUG ]  Matching patterns for request [/dev/js/post/addPost.js] are [/**]
2016-12-07 09:25:06  [ btpool0-55:55653738 ] - [ DEBUG ]  URI Template variables for request [/dev/js/post/addPost.js] are {}
2016-12-07 09:25:06  [ btpool0-55:55653740 ] - [ DEBUG ]  Mapping [/dev/js/post/addPost.js] to HandlerExecutionChain with handler [org.springframework.web.servlet.resource.DefaultServletHttpRequestHandler@6268e918] and 1 interceptor
2016-12-07 09:25:06  [ btpool0-55:55653741 ] - [ DEBUG ]  Last-Modified value for [/lfcfront/dev/js/post/addPost.js] is: -1
2016-12-07 09:25:06  [ btpool0-54:55653735 ] - [ DEBUG ]  Looking up handler method for path /dev/js/common/global.js
2016-12-07 09:25:06  [ btpool0-54:55653743 ] - [ DEBUG ]  Did not find handler method for [/dev/js/common/global.js]
2016-12-07 09:25:06  [ btpool0-54:55653743 ] - [ DEBUG ]  Matching patterns for request [/dev/js/common/global.js] are [/**]
2016-12-07 09:25:06  [ btpool0-54:55653743 ] - [ DEBUG ]  URI Template variables for request [/dev/js/common/global.js] are {}
2016-12-07 09:25:06  [ btpool0-54:55653743 ] - [ DEBUG ]  Mapping [/dev/js/common/global.js] to HandlerExecutionChain with handler [org.springframework.web.servlet.resource.DefaultServletHttpRequestHandler@6268e918] and 1 interceptor
2016-12-07 09:25:06  [ btpool0-54:55653743 ] - [ DEBUG ]  Last-Modified value for [/lfcfront/dev/js/common/global.js] is: -1
2016-12-07 09:25:06  [ btpool0-57:55653739 ] - [ DEBUG ]  DispatcherServlet with name 'springMvc' processing GET request for [/lfcfront/dev/js/lib/ueditor/ueditor.config.js]
2016-12-07 09:25:06  [ btpool0-57:55653745 ] - [ DEBUG ]  Looking up handler method for path /dev/js/lib/ueditor/ueditor.config.js
2016-12-07 09:25:06  [ btpool0-56:55653746 ] - [ DEBUG ]  DispatcherServlet with name 'springMvc' processing GET request for [/lfcfront/dev/js/common/jquery-backtop.js]
2016-12-07 09:25:06  [ btpool0-57:55653746 ] - [ DEBUG ]  Did not find handler method for [/dev/js/lib/ueditor/ueditor.config.js]
2016-12-07 09:25:06  [ btpool0-57:55653746 ] - [ DEBUG ]  Matching patterns for request [/dev/js/lib/ueditor/ueditor.config.js] are [/**]
2016-12-07 09:25:06  [ btpool0-57:55653747 ] - [ DEBUG ]  URI Template variables for request [/dev/js/lib/ueditor/ueditor.config.js] are {}
2016-12-07 09:25:06  [ btpool0-57:55653747 ] - [ DEBUG ]  Mapping [/dev/js/lib/ueditor/ueditor.config.js] to HandlerExecutionChain with handler [org.springframework.web.servlet.resource.DefaultServletHttpRequestHandler@6268e918] and 1 interceptor
2016-12-07 09:25:06  [ btpool0-57:55653747 ] - [ DEBUG ]  Last-Modified value for [/lfcfront/dev/js/lib/ueditor/ueditor.config.js] is: -1
2016-12-07 09:25:06  [ btpool0-56:55653746 ] - [ DEBUG ]  Looking up handler method for path /dev/js/common/jquery-backtop.js
2016-12-07 09:25:06  [ btpool0-57:55653749 ] - [ DEBUG ]  Null ModelAndView returned to DispatcherServlet with name 'springMvc': assuming HandlerAdapter completed request handling
2016-12-07 09:25:06  [ btpool0-57:55653749 ] - [ DEBUG ]  Successfully completed request
2016-12-07 09:25:06  [ btpool0-55:55653757 ] - [ DEBUG ]  Null ModelAndView returned to DispatcherServlet with name 'springMvc': assuming HandlerAdapter completed request handling
2016-12-07 09:25:06  [ btpool0-55:55653758 ] - [ DEBUG ]  Successfully completed request
2016-12-07 09:25:06  [ btpool0-56:55653765 ] - [ DEBUG ]  Did not find handler method for [/dev/js/common/jquery-backtop.js]
2016-12-07 09:25:06  [ btpool0-56:55653766 ] - [ DEBUG ]  Matching patterns for request [/dev/js/common/jquery-backtop.js] are [/**]
2016-12-07 09:25:06  [ btpool0-56:55653767 ] - [ DEBUG ]  URI Template variables for request [/dev/js/common/jquery-backtop.js] are {}
2016-12-07 09:25:06  [ btpool0-56:55653767 ] - [ DEBUG ]  Mapping [/dev/js/common/jquery-backtop.js] to HandlerExecutionChain with handler [org.springframework.web.servlet.resource.DefaultServletHttpRequestHandler@6268e918] and 1 interceptor
2016-12-07 09:25:06  [ btpool0-56:55653768 ] - [ DEBUG ]  Last-Modified value for [/lfcfront/dev/js/common/jquery-backtop.js] is: -1
2016-12-07 09:25:06  [ btpool0-56:55653772 ] - [ DEBUG ]  Null ModelAndView returned to DispatcherServlet with name 'springMvc': assuming HandlerAdapter completed request handling
2016-12-07 09:25:06  [ btpool0-54:55653771 ] - [ DEBUG ]  Null ModelAndView returned to DispatcherServlet with name 'springMvc': assuming HandlerAdapter completed request handling
2016-12-07 09:25:06  [ btpool0-54:55653775 ] - [ DEBUG ]  Successfully completed request
2016-12-07 09:25:06  [ btpool0-55:55653769 ] - [ DEBUG ]  DispatcherServlet with name 'springMvc' processing GET request for [/lfcfront/dev/js/lib/ueditor/ueditor.all.js]
2016-12-07 09:25:06  [ btpool0-55:55653777 ] - [ DEBUG ]  Looking up handler method for path /dev/js/lib/ueditor/ueditor.all.js
2016-12-07 09:25:06  [ btpool0-56:55653775 ] - [ DEBUG ]  Successfully completed request
2016-12-07 09:25:06  [ btpool0-55:55653778 ] - [ DEBUG ]  Did not find handler method for [/dev/js/lib/ueditor/ueditor.all.js]
2016-12-07 09:25:06  [ btpool0-55:55653779 ] - [ DEBUG ]  Matching patterns for request [/dev/js/lib/ueditor/ueditor.all.js] are [/**]
2016-12-07 09:25:06  [ btpool0-55:55653779 ] - [ DEBUG ]  URI Template variables for request [/dev/js/lib/ueditor/ueditor.all.js] are {}
2016-12-07 09:25:06  [ btpool0-55:55653780 ] - [ DEBUG ]  Mapping [/dev/js/lib/ueditor/ueditor.all.js] to HandlerExecutionChain with handler [org.springframework.web.servlet.resource.DefaultServletHttpRequestHandler@6268e918] and 1 interceptor
2016-12-07 09:25:06  [ btpool0-55:55653780 ] - [ DEBUG ]  Last-Modified value for [/lfcfront/dev/js/lib/ueditor/ueditor.all.js] is: -1
2016-12-07 09:25:06  [ btpool0-53:55653783 ] - [ DEBUG ]  Matching patterns for request [/dev/js/lib/mock.js] are [/**]
2016-12-07 09:25:06  [ btpool0-53:55653805 ] - [ DEBUG ]  URI Template variables for request [/dev/js/lib/mock.js] are {}
2016-12-07 09:25:06  [ btpool0-53:55653809 ] - [ DEBUG ]  Mapping [/dev/js/lib/mock.js] to HandlerExecutionChain with handler [org.springframework.web.servlet.resource.DefaultServletHttpRequestHandler@6268e918] and 1 interceptor
2016-12-07 09:25:06  [ btpool0-53:55653813 ] - [ DEBUG ]  Last-Modified value for [/lfcfront/dev/js/lib/mock.js] is: -1
2016-12-07 09:25:06  [ btpool0-53:55653834 ] - [ DEBUG ]  Null ModelAndView returned to DispatcherServlet with name 'springMvc': assuming HandlerAdapter completed request handling
2016-12-07 09:25:06  [ btpool0-53:55653835 ] - [ DEBUG ]  Successfully completed request
2016-12-07 09:25:06  [ btpool0-55:55653835 ] - [ DEBUG ]  Null ModelAndView returned to DispatcherServlet with name 'springMvc': assuming HandlerAdapter completed request handling
2016-12-07 09:25:06  [ btpool0-55:55653836 ] - [ DEBUG ]  Successfully completed request
2016-12-07 09:25:06  [ btpool0-55:55653931 ] - [ DEBUG ]  DispatcherServlet with name 'springMvc' processing GET request for [/lfcfront/dev/img/top_bg.jpg]
2016-12-07 09:25:06  [ btpool0-55:55653932 ] - [ DEBUG ]  Looking up handler method for path /dev/img/top_bg.jpg
2016-12-07 09:25:06  [ btpool0-55:55653934 ] - [ DEBUG ]  Did not find handler method for [/dev/img/top_bg.jpg]
2016-12-07 09:25:06  [ btpool0-55:55653935 ] - [ DEBUG ]  Matching patterns for request [/dev/img/top_bg.jpg] are [/**]
2016-12-07 09:25:06  [ btpool0-55:55653936 ] - [ DEBUG ]  URI Template variables for request [/dev/img/top_bg.jpg] are {}
2016-12-07 09:25:06  [ btpool0-55:55653936 ] - [ DEBUG ]  Mapping [/dev/img/top_bg.jpg] to HandlerExecutionChain with handler [org.springframework.web.servlet.resource.DefaultServletHttpRequestHandler@6268e918] and 1 interceptor
2016-12-07 09:25:06  [ btpool0-55:55653937 ] - [ DEBUG ]  Last-Modified value for [/lfcfront/dev/img/top_bg.jpg] is: -1
2016-12-07 09:25:06  [ btpool0-55:55653938 ] - [ DEBUG ]  Null ModelAndView returned to DispatcherServlet with name 'springMvc': assuming HandlerAdapter completed request handling
2016-12-07 09:25:06  [ btpool0-53:55653938 ] - [ DEBUG ]  DispatcherServlet with name 'springMvc' processing GET request for [/lfcfront/dev/font/iconfont.ttf]
2016-12-07 09:25:06  [ btpool0-53:55653939 ] - [ DEBUG ]  Looking up handler method for path /dev/font/iconfont.ttf
2016-12-07 09:25:06  [ btpool0-55:55653938 ] - [ DEBUG ]  Successfully completed request
2016-12-07 09:25:06  [ btpool0-53:55653939 ] - [ DEBUG ]  Did not find handler method for [/dev/font/iconfont.ttf]
2016-12-07 09:25:06  [ btpool0-53:55653940 ] - [ DEBUG ]  Matching patterns for request [/dev/font/iconfont.ttf] are [/**]
2016-12-07 09:25:06  [ btpool0-53:55653941 ] - [ DEBUG ]  URI Template variables for request [/dev/font/iconfont.ttf] are {}
2016-12-07 09:25:06  [ btpool0-53:55653941 ] - [ DEBUG ]  Mapping [/dev/font/iconfont.ttf] to HandlerExecutionChain with handler [org.springframework.web.servlet.resource.DefaultServletHttpRequestHandler@6268e918] and 1 interceptor
2016-12-07 09:25:06  [ btpool0-53:55653941 ] - [ DEBUG ]  Last-Modified value for [/lfcfront/dev/font/iconfont.ttf] is: -1
2016-12-07 09:25:06  [ btpool0-53:55653942 ] - [ DEBUG ]  Null ModelAndView returned to DispatcherServlet with name 'springMvc': assuming HandlerAdapter completed request handling
2016-12-07 09:25:06  [ btpool0-53:55653943 ] - [ DEBUG ]  Successfully completed request
2016-12-07 09:25:07  [ btpool0-53:55654074 ] - [ DEBUG ]  DispatcherServlet with name 'springMvc' processing GET request for [/lfcfront/dev/js/lib/ueditor/lang/zh-cn/zh-cn.js]
2016-12-07 09:25:07  [ btpool0-53:55654074 ] - [ DEBUG ]  Looking up handler method for path /dev/js/lib/ueditor/lang/zh-cn/zh-cn.js
2016-12-07 09:25:07  [ btpool0-53:55654075 ] - [ DEBUG ]  Did not find handler method for [/dev/js/lib/ueditor/lang/zh-cn/zh-cn.js]
2016-12-07 09:25:07  [ btpool0-53:55654075 ] - [ DEBUG ]  Matching patterns for request [/dev/js/lib/ueditor/lang/zh-cn/zh-cn.js] are [/**]
2016-12-07 09:25:07  [ btpool0-53:55654080 ] - [ DEBUG ]  URI Template variables for request [/dev/js/lib/ueditor/lang/zh-cn/zh-cn.js] are {}
2016-12-07 09:25:07  [ btpool0-53:55654087 ] - [ DEBUG ]  Mapping [/dev/js/lib/ueditor/lang/zh-cn/zh-cn.js] to HandlerExecutionChain with handler [org.springframework.web.servlet.resource.DefaultServletHttpRequestHandler@6268e918] and 1 interceptor
2016-12-07 09:25:07  [ btpool0-53:55654087 ] - [ DEBUG ]  Last-Modified value for [/lfcfront/dev/js/lib/ueditor/lang/zh-cn/zh-cn.js] is: -1
2016-12-07 09:25:07  [ btpool0-55:55654088 ] - [ DEBUG ]  DispatcherServlet with name 'springMvc' processing GET request for [/lfcfront/dev/js/lib/ueditor/themes/default/css/ueditor.css]
2016-12-07 09:25:07  [ btpool0-55:55654089 ] - [ DEBUG ]  Looking up handler method for path /dev/js/lib/ueditor/themes/default/css/ueditor.css
2016-12-07 09:25:07  [ btpool0-56:55654090 ] - [ DEBUG ]  DispatcherServlet with name 'springMvc' processing GET request for [/lfcfront/dev/img/foot_bg.png]
2016-12-07 09:25:07  [ btpool0-56:55654090 ] - [ DEBUG ]  Looking up handler method for path /dev/img/foot_bg.png
2016-12-07 09:25:07  [ btpool0-53:55654094 ] - [ DEBUG ]  Null ModelAndView returned to DispatcherServlet with name 'springMvc': assuming HandlerAdapter completed request handling
2016-12-07 09:25:07  [ btpool0-53:55654098 ] - [ DEBUG ]  Successfully completed request
2016-12-07 09:25:07  [ btpool0-55:55654098 ] - [ DEBUG ]  Did not find handler method for [/dev/js/lib/ueditor/themes/default/css/ueditor.css]
2016-12-07 09:25:07  [ btpool0-55:55654102 ] - [ DEBUG ]  Matching patterns for request [/dev/js/lib/ueditor/themes/default/css/ueditor.css] are [/**]
2016-12-07 09:25:07  [ btpool0-55:55654102 ] - [ DEBUG ]  URI Template variables for request [/dev/js/lib/ueditor/themes/default/css/ueditor.css] are {}
2016-12-07 09:25:07  [ btpool0-56:55654103 ] - [ DEBUG ]  Did not find handler method for [/dev/img/foot_bg.png]
2016-12-07 09:25:07  [ btpool0-55:55654103 ] - [ DEBUG ]  Mapping [/dev/js/lib/ueditor/themes/default/css/ueditor.css] to HandlerExecutionChain with handler [org.springframework.web.servlet.resource.DefaultServletHttpRequestHandler@6268e918] and 1 interceptor
2016-12-07 09:25:07  [ btpool0-55:55654105 ] - [ DEBUG ]  Last-Modified value for [/lfcfront/dev/js/lib/ueditor/themes/default/css/ueditor.css] is: -1
2016-12-07 09:25:07  [ btpool0-56:55654103 ] - [ DEBUG ]  Matching patterns for request [/dev/img/foot_bg.png] are [/**]
2016-12-07 09:25:07  [ btpool0-56:55654110 ] - [ DEBUG ]  URI Template variables for request [/dev/img/foot_bg.png] are {}
2016-12-07 09:25:07  [ btpool0-56:55654112 ] - [ DEBUG ]  Mapping [/dev/img/foot_bg.png] to HandlerExecutionChain with handler [org.springframework.web.servlet.resource.DefaultServletHttpRequestHandler@6268e918] and 1 interceptor
2016-12-07 09:25:07  [ btpool0-56:55654113 ] - [ DEBUG ]  Last-Modified value for [/lfcfront/dev/img/foot_bg.png] is: -1
2016-12-07 09:25:07  [ btpool0-55:55654125 ] - [ DEBUG ]  Null ModelAndView returned to DispatcherServlet with name 'springMvc': assuming HandlerAdapter completed request handling
2016-12-07 09:25:07  [ btpool0-55:55654126 ] - [ DEBUG ]  Successfully completed request
2016-12-07 09:25:07  [ btpool0-56:55654128 ] - [ DEBUG ]  Null ModelAndView returned to DispatcherServlet with name 'springMvc': assuming HandlerAdapter completed request handling
2016-12-07 09:25:07  [ btpool0-56:55654130 ] - [ DEBUG ]  Successfully completed request
2016-12-07 09:25:07  [ btpool0-56:55654188 ] - [ DEBUG ]  DispatcherServlet with name 'springMvc' processing GET request for [/lfcfront/dev/js/lib/ueditor/net/controller.ashx]
2016-12-07 09:25:07  [ btpool0-56:55654189 ] - [ DEBUG ]  Looking up handler method for path /dev/js/lib/ueditor/net/controller.ashx
2016-12-07 09:25:07  [ btpool0-56:55654190 ] - [ DEBUG ]  Did not find handler method for [/dev/js/lib/ueditor/net/controller.ashx]
2016-12-07 09:25:07  [ btpool0-56:55654190 ] - [ DEBUG ]  Matching patterns for request [/dev/js/lib/ueditor/net/controller.ashx] are [/**]
2016-12-07 09:25:07  [ btpool0-56:55654190 ] - [ DEBUG ]  URI Template variables for request [/dev/js/lib/ueditor/net/controller.ashx] are {}
2016-12-07 09:25:07  [ btpool0-56:55654190 ] - [ DEBUG ]  Mapping [/dev/js/lib/ueditor/net/controller.ashx] to HandlerExecutionChain with handler [org.springframework.web.servlet.resource.DefaultServletHttpRequestHandler@6268e918] and 1 interceptor
2016-12-07 09:25:07  [ btpool0-56:55654191 ] - [ DEBUG ]  Last-Modified value for [/lfcfront/dev/js/lib/ueditor/net/controller.ashx] is: -1
2016-12-07 09:25:07  [ btpool0-56:55654191 ] - [ DEBUG ]  Null ModelAndView returned to DispatcherServlet with name 'springMvc': assuming HandlerAdapter completed request handling
2016-12-07 09:25:07  [ btpool0-56:55654192 ] - [ DEBUG ]  Successfully completed request
2016-12-07 09:25:07  [ btpool0-56:55654269 ] - [ DEBUG ]  DispatcherServlet with name 'springMvc' processing GET request for [/lfcfront/dev/js/lib/ueditor/themes/default/images/icons.png]
2016-12-07 09:25:07  [ btpool0-56:55654269 ] - [ DEBUG ]  Looking up handler method for path /dev/js/lib/ueditor/themes/default/images/icons.png
2016-12-07 09:25:07  [ btpool0-56:55654270 ] - [ DEBUG ]  Did not find handler method for [/dev/js/lib/ueditor/themes/default/images/icons.png]
2016-12-07 09:25:07  [ btpool0-55:55654270 ] - [ DEBUG ]  DispatcherServlet with name 'springMvc' processing GET request for [/lfcfront/dev/js/lib/ueditor/themes/default/images/scale.png]
2016-12-07 09:25:07  [ btpool0-56:55654271 ] - [ DEBUG ]  Matching patterns for request [/dev/js/lib/ueditor/themes/default/images/icons.png] are [/**]
2016-12-07 09:25:07  [ btpool0-56:55654271 ] - [ DEBUG ]  URI Template variables for request [/dev/js/lib/ueditor/themes/default/images/icons.png] are {}
2016-12-07 09:25:07  [ btpool0-56:55654272 ] - [ DEBUG ]  Mapping [/dev/js/lib/ueditor/themes/default/images/icons.png] to HandlerExecutionChain with handler [org.springframework.web.servlet.resource.DefaultServletHttpRequestHandler@6268e918] and 1 interceptor
2016-12-07 09:25:07  [ btpool0-56:55654272 ] - [ DEBUG ]  Last-Modified value for [/lfcfront/dev/js/lib/ueditor/themes/default/images/icons.png] is: -1
2016-12-07 09:25:07  [ btpool0-55:55654271 ] - [ DEBUG ]  Looking up handler method for path /dev/js/lib/ueditor/themes/default/images/scale.png
2016-12-07 09:25:07  [ btpool0-56:55654273 ] - [ DEBUG ]  Null ModelAndView returned to DispatcherServlet with name 'springMvc': assuming HandlerAdapter completed request handling
2016-12-07 09:25:07  [ btpool0-55:55654274 ] - [ DEBUG ]  Did not find handler method for [/dev/js/lib/ueditor/themes/default/images/scale.png]
2016-12-07 09:25:07  [ btpool0-56:55654274 ] - [ DEBUG ]  Successfully completed request
2016-12-07 09:25:07  [ btpool0-55:55654274 ] - [ DEBUG ]  Matching patterns for request [/dev/js/lib/ueditor/themes/default/images/scale.png] are [/**]
2016-12-07 09:25:07  [ btpool0-55:55654276 ] - [ DEBUG ]  URI Template variables for request [/dev/js/lib/ueditor/themes/default/images/scale.png] are {}
2016-12-07 09:25:07  [ btpool0-55:55654276 ] - [ DEBUG ]  Mapping [/dev/js/lib/ueditor/themes/default/images/scale.png] to HandlerExecutionChain with handler [org.springframework.web.servlet.resource.DefaultServletHttpRequestHandler@6268e918] and 1 interceptor
2016-12-07 09:25:07  [ btpool0-55:55654276 ] - [ DEBUG ]  Last-Modified value for [/lfcfront/dev/js/lib/ueditor/themes/default/images/scale.png] is: -1
2016-12-07 09:25:07  [ btpool0-55:55654278 ] - [ DEBUG ]  Null ModelAndView returned to DispatcherServlet with name 'springMvc': assuming HandlerAdapter completed request handling
2016-12-07 09:25:07  [ btpool0-55:55654278 ] - [ DEBUG ]  Successfully completed request
2016-12-07 09:25:07  [ btpool0-55:55654288 ] - [ DEBUG ]  DispatcherServlet with name 'springMvc' processing GET request for [/lfcfront/dev/js/lib/ueditor/themes/iframe.css]
2016-12-07 09:25:07  [ btpool0-55:55654288 ] - [ DEBUG ]  Looking up handler method for path /dev/js/lib/ueditor/themes/iframe.css
2016-12-07 09:25:07  [ btpool0-55:55654290 ] - [ DEBUG ]  Did not find handler method for [/dev/js/lib/ueditor/themes/iframe.css]
2016-12-07 09:25:07  [ btpool0-55:55654290 ] - [ DEBUG ]  Matching patterns for request [/dev/js/lib/ueditor/themes/iframe.css] are [/**]
2016-12-07 09:25:07  [ btpool0-55:55654291 ] - [ DEBUG ]  URI Template variables for request [/dev/js/lib/ueditor/themes/iframe.css] are {}
2016-12-07 09:25:07  [ btpool0-55:55654292 ] - [ DEBUG ]  Mapping [/dev/js/lib/ueditor/themes/iframe.css] to HandlerExecutionChain with handler [org.springframework.web.servlet.resource.DefaultServletHttpRequestHandler@6268e918] and 1 interceptor
2016-12-07 09:25:07  [ btpool0-55:55654293 ] - [ DEBUG ]  Last-Modified value for [/lfcfront/dev/js/lib/ueditor/themes/iframe.css] is: -1
2016-12-07 09:25:07  [ btpool0-55:55654294 ] - [ DEBUG ]  Null ModelAndView returned to DispatcherServlet with name 'springMvc': assuming HandlerAdapter completed request handling
2016-12-07 09:25:07  [ btpool0-55:55654294 ] - [ DEBUG ]  Successfully completed request
2016-12-07 09:25:07  [ btpool0-56:55654357 ] - [ DEBUG ]  DispatcherServlet with name 'springMvc' processing GET request for [/lfcfront/dev/js/lib/ueditor/third-party/codemirror/codemirror.css]
2016-12-07 09:25:07  [ btpool0-56:55654358 ] - [ DEBUG ]  Looking up handler method for path /dev/js/lib/ueditor/third-party/codemirror/codemirror.css
2016-12-07 09:25:07  [ btpool0-56:55654359 ] - [ DEBUG ]  Did not find handler method for [/dev/js/lib/ueditor/third-party/codemirror/codemirror.css]
2016-12-07 09:25:07  [ btpool0-56:55654359 ] - [ DEBUG ]  Matching patterns for request [/dev/js/lib/ueditor/third-party/codemirror/codemirror.css] are [/**]
2016-12-07 09:25:07  [ btpool0-56:55654359 ] - [ DEBUG ]  URI Template variables for request [/dev/js/lib/ueditor/third-party/codemirror/codemirror.css] are {}
2016-12-07 09:25:07  [ btpool0-56:55654360 ] - [ DEBUG ]  Mapping [/dev/js/lib/ueditor/third-party/codemirror/codemirror.css] to HandlerExecutionChain with handler [org.springframework.web.servlet.resource.DefaultServletHttpRequestHandler@6268e918] and 1 interceptor
2016-12-07 09:25:07  [ btpool0-56:55654360 ] - [ DEBUG ]  Last-Modified value for [/lfcfront/dev/js/lib/ueditor/third-party/codemirror/codemirror.css] is: -1
2016-12-07 09:25:07  [ btpool0-55:55654357 ] - [ DEBUG ]  DispatcherServlet with name 'springMvc' processing GET request for [/lfcfront/dev/js/lib/ueditor/third-party/codemirror/codemirror.js]
2016-12-07 09:25:07  [ btpool0-55:55654362 ] - [ DEBUG ]  Looking up handler method for path /dev/js/lib/ueditor/third-party/codemirror/codemirror.js
2016-12-07 09:25:07  [ btpool0-55:55654363 ] - [ DEBUG ]  Did not find handler method for [/dev/js/lib/ueditor/third-party/codemirror/codemirror.js]
2016-12-07 09:25:07  [ btpool0-55:55654363 ] - [ DEBUG ]  Matching patterns for request [/dev/js/lib/ueditor/third-party/codemirror/codemirror.js] are [/**]
2016-12-07 09:25:07  [ btpool0-56:55654363 ] - [ DEBUG ]  Null ModelAndView returned to DispatcherServlet with name 'springMvc': assuming HandlerAdapter completed request handling
2016-12-07 09:25:07  [ btpool0-56:55654363 ] - [ DEBUG ]  Successfully completed request
2016-12-07 09:25:07  [ btpool0-55:55654363 ] - [ DEBUG ]  URI Template variables for request [/dev/js/lib/ueditor/third-party/codemirror/codemirror.js] are {}
2016-12-07 09:25:07  [ btpool0-55:55654364 ] - [ DEBUG ]  Mapping [/dev/js/lib/ueditor/third-party/codemirror/codemirror.js] to HandlerExecutionChain with handler [org.springframework.web.servlet.resource.DefaultServletHttpRequestHandler@6268e918] and 1 interceptor
2016-12-07 09:25:07  [ btpool0-55:55654364 ] - [ DEBUG ]  Last-Modified value for [/lfcfront/dev/js/lib/ueditor/third-party/codemirror/codemirror.js] is: -1
2016-12-07 09:25:07  [ btpool0-55:55654365 ] - [ DEBUG ]  Null ModelAndView returned to DispatcherServlet with name 'springMvc': assuming HandlerAdapter completed request handling
2016-12-07 09:25:07  [ btpool0-55:55654365 ] - [ DEBUG ]  Successfully completed request
2016-12-07 09:25:07  [ btpool0-55:55654374 ] - [ DEBUG ]  DispatcherServlet with name 'springMvc' processing GET request for [/lfcfront/dev/js/lib/ueditor/third-party/zeroclipboard/ZeroClipboard.js]
2016-12-07 09:25:07  [ btpool0-55:55654374 ] - [ DEBUG ]  Looking up handler method for path /dev/js/lib/ueditor/third-party/zeroclipboard/ZeroClipboard.js
2016-12-07 09:25:07  [ btpool0-55:55654374 ] - [ DEBUG ]  Did not find handler method for [/dev/js/lib/ueditor/third-party/zeroclipboard/ZeroClipboard.js]
2016-12-07 09:25:07  [ btpool0-55:55654375 ] - [ DEBUG ]  Matching patterns for request [/dev/js/lib/ueditor/third-party/zeroclipboard/ZeroClipboard.js] are [/**]
2016-12-07 09:25:07  [ btpool0-55:55654375 ] - [ DEBUG ]  URI Template variables for request [/dev/js/lib/ueditor/third-party/zeroclipboard/ZeroClipboard.js] are {}
2016-12-07 09:25:07  [ btpool0-55:55654375 ] - [ DEBUG ]  Mapping [/dev/js/lib/ueditor/third-party/zeroclipboard/ZeroClipboard.js] to HandlerExecutionChain with handler [org.springframework.web.servlet.resource.DefaultServletHttpRequestHandler@6268e918] and 1 interceptor
2016-12-07 09:25:07  [ btpool0-55:55654375 ] - [ DEBUG ]  Last-Modified value for [/lfcfront/dev/js/lib/ueditor/third-party/zeroclipboard/ZeroClipboard.js] is: -1
2016-12-07 09:25:07  [ btpool0-55:55654376 ] - [ DEBUG ]  Null ModelAndView returned to DispatcherServlet with name 'springMvc': assuming HandlerAdapter completed request handling
2016-12-07 09:25:07  [ btpool0-55:55654376 ] - [ DEBUG ]  Successfully completed request
2016-12-07 09:25:07  [ btpool0-55:55654433 ] - [ DEBUG ]  DispatcherServlet with name 'springMvc' processing GET request for [/lfcfront/dev/js/lib/ueditor/third-party/zeroclipboard/ZeroClipboard.swf]
2016-12-07 09:25:07  [ btpool0-55:55654435 ] - [ DEBUG ]  Looking up handler method for path /dev/js/lib/ueditor/third-party/zeroclipboard/ZeroClipboard.swf
2016-12-07 09:25:07  [ btpool0-55:55654437 ] - [ DEBUG ]  Did not find handler method for [/dev/js/lib/ueditor/third-party/zeroclipboard/ZeroClipboard.swf]
2016-12-07 09:25:07  [ btpool0-55:55654439 ] - [ DEBUG ]  Matching patterns for request [/dev/js/lib/ueditor/third-party/zeroclipboard/ZeroClipboard.swf] are [/**]
2016-12-07 09:25:07  [ btpool0-55:55654439 ] - [ DEBUG ]  URI Template variables for request [/dev/js/lib/ueditor/third-party/zeroclipboard/ZeroClipboard.swf] are {}
2016-12-07 09:25:07  [ btpool0-55:55654440 ] - [ DEBUG ]  Mapping [/dev/js/lib/ueditor/third-party/zeroclipboard/ZeroClipboard.swf] to HandlerExecutionChain with handler [org.springframework.web.servlet.resource.DefaultServletHttpRequestHandler@6268e918] and 1 interceptor
2016-12-07 09:25:07  [ btpool0-55:55654440 ] - [ DEBUG ]  Last-Modified value for [/lfcfront/dev/js/lib/ueditor/third-party/zeroclipboard/ZeroClipboard.swf] is: -1
2016-12-07 09:25:07  [ btpool0-55:55654442 ] - [ DEBUG ]  Null ModelAndView returned to DispatcherServlet with name 'springMvc': assuming HandlerAdapter completed request handling
2016-12-07 09:25:07  [ btpool0-55:55654442 ] - [ DEBUG ]  Successfully completed request
